<?xml version="1.0" encoding="UTF-8"?>
<testng-results ignored="0" total="1" passed="1" failed="0" skipped="0">
  <reporter-output>
  </reporter-output>
  <suite started-at="2022-04-22T13:19:37 IST" name="Default suite" finished-at="2022-04-22T13:23:05 IST" duration-ms="208899">
    <groups>
    </groups>
    <test started-at="2022-04-22T13:19:37 IST" name="Default test" finished-at="2022-04-22T13:23:05 IST" duration-ms="208899">
      <class name="com.sn.Testcases.IncidentCreateTest">
        <test-method is-config="true" signature="setup()[pri:0, instance:com.sn.Testcases.IncidentCreateTest@7bd4937b]" started-at="2022-04-22T13:19:38 IST" name="setup" finished-at="2022-04-22T13:22:14 IST" duration-ms="156500" status="PASS">
          <reporter-output>
          </reporter-output>
        </test-method> <!-- setup -->
        <test-method signature="createIncident(java.lang.String)[pri:0, instance:com.sn.Testcases.IncidentCreateTest@7bd4937b]" started-at="2022-04-22T13:22:14 IST" name="createIncident" data-provider="getIncidentdata" finished-at="2022-04-22T13:23:05 IST" duration-ms="50500" status="PASS">
          <params>
            <param index="0">
              <value>
                <![CDATA[Test]]>
              </value>
            </param>
          </params>
          <reporter-output>
          </reporter-output>
        </test-method> <!-- createIncident -->
        <test-method is-config="true" signature="teardown()[pri:0, instance:com.sn.Testcases.IncidentCreateTest@7bd4937b]" started-at="2022-04-22T13:23:05 IST" name="teardown" finished-at="2022-04-22T13:23:05 IST" duration-ms="811" status="PASS">
          <reporter-output>
          </reporter-output>
        </test-method> <!-- teardown -->
      </class> <!-- com.sn.Testcases.IncidentCreateTest -->
    </test> <!-- Default test -->
  </suite> <!-- Default suite -->
</testng-results>
