<?xml version="1.0" encoding="UTF-8"?>
<testng-results ignored="0" total="5" passed="5" failed="0" skipped="0">
  <reporter-output>
  </reporter-output>
  <suite started-at="2023-07-21T14:26:00 IST" name="Default suite" finished-at="2023-07-21T14:27:27 IST" duration-ms="86138">
    <groups>
    </groups>
    <test started-at="2023-07-21T14:26:00 IST" name="Default test" finished-at="2023-07-21T14:27:27 IST" duration-ms="86138">
      <class name="datadrivenTesting.ExcelDataTest">
        <test-method signature="testLogin(java.lang.String,java.lang.String)[pri:0, instance:datadrivenTesting.ExcelDataTest@61862a7f]" started-at="2023-07-21T14:26:04 IST" name="testLogin" data-provider="logintestData" finished-at="2023-07-21T14:26:27 IST" duration-ms="22417" status="PASS">
          <params>
            <param index="0">
              <value>
                <![CDATA[Admin]]>
              </value>
            </param>
            <param index="1">
              <value>
                <![CDATA[admin123]]>
              </value>
            </param>
          </params>
          <reporter-output>
          </reporter-output>
        </test-method> <!-- testLogin -->
        <test-method signature="testLogin(java.lang.String,java.lang.String)[pri:0, instance:datadrivenTesting.ExcelDataTest@61862a7f]" started-at="2023-07-21T14:26:27 IST" name="testLogin" data-provider="logintestData" finished-at="2023-07-21T14:26:44 IST" duration-ms="16934" status="PASS">
          <params>
            <param index="0">
              <value>
                <![CDATA[test]]>
              </value>
            </param>
            <param index="1">
              <value>
                <![CDATA[test123]]>
              </value>
            </param>
          </params>
          <reporter-output>
          </reporter-output>
        </test-method> <!-- testLogin -->
        <test-method signature="testLogin(java.lang.String,java.lang.String)[pri:0, instance:datadrivenTesting.ExcelDataTest@61862a7f]" started-at="2023-07-21T14:26:44 IST" name="testLogin" data-provider="logintestData" finished-at="2023-07-21T14:26:57 IST" duration-ms="13565" status="PASS">
          <params>
            <param index="0">
              <value>
                <![CDATA[SIT]]>
              </value>
            </param>
            <param index="1">
              <value>
                <![CDATA[sit123]]>
              </value>
            </param>
          </params>
          <reporter-output>
          </reporter-output>
        </test-method> <!-- testLogin -->
        <test-method signature="testLogin(java.lang.String,java.lang.String)[pri:0, instance:datadrivenTesting.ExcelDataTest@61862a7f]" started-at="2023-07-21T14:26:57 IST" name="testLogin" data-provider="logintestData" finished-at="2023-07-21T14:27:12 IST" duration-ms="14971" status="PASS">
          <params>
            <param index="0">
              <value>
                <![CDATA[UAT]]>
              </value>
            </param>
            <param index="1">
              <value>
                <![CDATA[uat123]]>
              </value>
            </param>
          </params>
          <reporter-output>
          </reporter-output>
        </test-method> <!-- testLogin -->
        <test-method signature="testLogin(java.lang.String,java.lang.String)[pri:0, instance:datadrivenTesting.ExcelDataTest@61862a7f]" started-at="2023-07-21T14:27:12 IST" name="testLogin" data-provider="logintestData" finished-at="2023-07-21T14:27:27 IST" duration-ms="14338" status="PASS">
          <params>
            <param index="0">
              <value>
                <![CDATA[Prod]]>
              </value>
            </param>
            <param index="1">
              <value>
                <![CDATA[prod123]]>
              </value>
            </param>
          </params>
          <reporter-output>
          </reporter-output>
        </test-method> <!-- testLogin -->
      </class> <!-- datadrivenTesting.ExcelDataTest -->
    </test> <!-- Default test -->
  </suite> <!-- Default suite -->
</testng-results>
