<?xml version="1.0" encoding="UTF-8"?>
<!-- Generated by org.testng.reporters.JUnitXMLReporter -->
<testsuite ignored="0" hostname="DESKTOP-T7QCDAB" failures="1" tests="7" name="Test" time="0.245" errors="0" timestamp="2023-07-10T12:38:13 IST">
  <testcase classname="testNG.Group" name="test1" time="0.023"/>
  <testcase classname="testNG.Group" name="test2" time="0.004"/>
  <testcase classname="testNG.Group" name="test3" time="0.009"/>
  <testcase classname="testNG.Group" name="test4" time="0.004">
    <failure type="java.lang.ArithmeticException" message="/ by zero">
      <![CDATA[java.lang.ArithmeticException: / by zero
at testNG.Group.test4(Group.java:34)
at java.base/java.util.ArrayList.forEach(ArrayList.java:1511)
... Removed 27 stack frames]]>
    </failure>
  </testcase> <!-- test4 -->
  <testcase classname="testNG.Group" name="test5" time="0.004"/>
  <testcase classname="testNG.Group" name="test6" time="0.0">
    <skipped/>
  </testcase> <!-- test6 -->
  <testcase classname="testNG.Group" name="test7" time="0.0">
    <skipped/>
  </testcase> <!-- test7 -->
</testsuite> <!-- Test -->
