<?xml version="1.0" encoding="UTF-8"?>
<!-- Generated by org.testng.reporters.JUnitXMLReporter -->
<testsuite ignored="2" hostname="DESKTOP-T7QCDAB" failures="0" tests="2" name="car loan" time="0.093" errors="0" timestamp="2023-01-06T15:41:38 IST">
  <testcase classname="annotation.Day3" name="mobileSignOutCarLoan" time="0.019"/>
  <testcase classname="annotation.Day3" name="webLoginCarLoan" time="0.006"/>
  <testcase classname="annotation.Day3" name="mobileSignInCarLoan" time="0.0">
    <ignored/>
  </testcase> <!-- mobileSignInCarLoan -->
  <testcase classname="annotation.Day3" name="mobileLoginCarLoan" time="0.0">
    <ignored/>
  </testcase> <!-- mobileLoginCarLoan -->
</testsuite> <!-- car loan -->
