<?xml version="1.0" encoding="UTF-8"?>
<!-- Generated by org.testng.reporters.JUnitXMLReporter -->
<testsuite ignored="1" hostname="DESKTOP-T7QCDAB" failures="0" tests="5" name="Personal Loan" time="0.197" errors="0" timestamp="2023-01-06T15:41:38 IST">
  <testcase classname="annotation.Day1" name="demo" time="0.023"/>
  <testcase classname="annotation.Day2" name="methode2" time="0.004"/>
  <testcase classname="annotation.Day4" name="loginAPIHomeLoan" time="0.021"/>
  <testcase classname="annotation.Day4" name="mobileLoginHomeLoan" time="0.008"/>
  <testcase classname="annotation.Day4" name="webLoginHomeLoan" time="0.003"/>
  <testcase classname="annotation.Day1" name="methode1" time="0.0">
    <ignored/>
  </testcase> <!-- methode1 -->
</testsuite> <!-- Personal Loan -->
