<?xml version="1.0" encoding="UTF-8"?>
<!-- Generated by org.testng.reporters.JUnitXMLReporter -->
<testsuite ignored="8" hostname="DESKTOP-T7QCDAB" failures="0" tests="3" name="Regression" time="0.325" errors="0" timestamp="2023-01-06T12:22:02 IST">
  <testcase classname="annotation.Day1" name="demo" time="0.039"/>
  <testcase classname="annotation.Day4" name="loginAPIHomeLoan" time="0.009"/>
  <testcase classname="annotation.Day3" name="mobileLoginCarLoan" time="0.003"/>
  <testcase classname="annotation.Day3" name="webLoginCarLoan" time="0.0">
    <ignored/>
  </testcase> <!-- webLoginCarLoan -->
  <testcase classname="annotation.Day3" name="mobileSignOutCarLoan" time="0.0">
    <ignored/>
  </testcase> <!-- mobileSignOutCarLoan -->
  <testcase classname="annotation.Day3" name="loginAPICarLoan" time="0.0">
    <ignored/>
  </testcase> <!-- loginAPICarLoan -->
  <testcase classname="annotation.Day2" name="methode2" time="0.0">
    <ignored/>
  </testcase> <!-- methode2 -->
  <testcase classname="annotation.Day3" name="mobileSignInCarLoan" time="0.0">
    <ignored/>
  </testcase> <!-- mobileSignInCarLoan -->
  <testcase classname="annotation.Day1" name="methode1" time="0.0">
    <ignored/>
  </testcase> <!-- methode1 -->
  <testcase classname="annotation.Day4" name="mobileLoginHomeLoan" time="0.0">
    <ignored/>
  </testcase> <!-- mobileLoginHomeLoan -->
  <testcase classname="annotation.Day4" name="webLoginHomeLoan" time="0.0">
    <ignored/>
  </testcase> <!-- webLoginHomeLoan -->
</testsuite> <!-- Regression -->
