<?xml version="1.0" encoding="UTF-8"?>
<!-- Generated by org.testng.reporters.JUnitXMLReporter -->
<testsuite ignored="0" hostname="DESKTOP-T7QCDAB" failures="0" tests="5" name="Default test" time="86.138" errors="0" timestamp="2023-07-21T14:27:27 IST">
  <testcase classname="datadrivenTesting.ExcelDataTest" name="testLogin" time="22.417"/>
  <testcase classname="datadrivenTesting.ExcelDataTest" name="testLogin" time="16.934"/>
  <testcase classname="datadrivenTesting.ExcelDataTest" name="testLogin" time="13.565"/>
  <testcase classname="datadrivenTesting.ExcelDataTest" name="testLogin" time="14.971"/>
  <testcase classname="datadrivenTesting.ExcelDataTest" name="testLogin" time="14.338"/>
</testsuite> <!-- Default test -->
