<?xml version="1.0" encoding="UTF-8"?>
<!-- Generated by org.testng.reporters.JUnitXMLReporter -->
<testsuite ignored="0" hostname="DESKTOP-T7QCDAB" failures="0" tests="4" name="Test1" time="0.498" errors="0" timestamp="2023-07-03T15:05:50 IST">
  <testcase classname="Annotations.Login" name="Login1" time="0.027"/>
  <testcase classname="Annotations.Login" name="Login2" time="0.011"/>
  <testcase classname="Annotations.HomePage" name="HomePage5" time="0.011"/>
  <testcase classname="Annotations.SignUp" name="signup" time="0.007"/>
</testsuite> <!-- Test1 -->
