<?xml version="1.0" encoding="UTF-8"?>
<!-- Generated by org.testng.reporters.JUnitXMLReporter -->
<testsuite ignored="0" hostname="DESKTOP-T7QCDAB" failures="0" tests="3" name="Default test" time="0.305" errors="0" timestamp="2023-07-10T12:54:27 IST">
  <testcase classname="DataProvider.TestClass" name="dataprovider" time="0.02"/>
  <testcase classname="DataProvider.TestClass" name="dataprovider" time="0.011"/>
  <testcase classname="DataProvider.TestClass" name="dataprovider" time="0.031"/>
</testsuite> <!-- Default test -->
