<?xml version="1.0" encoding="UTF-8"?>
<testng-results ignored="0" total="2" passed="2" failed="0" skipped="0">
  <reporter-output>
  </reporter-output>
  <suite started-at="2022-08-20T11:10:22 IST" name="Default suite" finished-at="2022-08-20T11:10:44 IST" duration-ms="22725">
    <groups>
    </groups>
    <test started-at="2022-08-20T11:10:22 IST" name="Default test" finished-at="2022-08-20T11:10:44 IST" duration-ms="22725">
      <class name="SeleniumWebDriver.TestNG6">
        <test-method is-config="true" signature="setEnvirment()[pri:0, instance:SeleniumWebDriver.TestNG6@3059cbc]" started-at="2022-08-20T11:10:22 IST" name="setEnvirment" finished-at="2022-08-20T11:10:29 IST" duration-ms="6885" status="PASS">
          <reporter-output>
          </reporter-output>
        </test-method> <!-- setEnvirment -->
        <test-method signature="enterCrediential(java.lang.String,java.lang.String)[pri:0, instance:SeleniumWebDriver.TestNG6@3059cbc]" started-at="2022-08-20T11:10:29 IST" name="enterCrediential" data-provider="dataSet" finished-at="2022-08-20T11:10:37 IST" duration-ms="8462" status="PASS">
          <params>
            <param index="0">
              <value>
                <![CDATA[Email1]]>
              </value>
            </param>
            <param index="1">
              <value>
                <![CDATA[Pass1]]>
              </value>
            </param>
          </params>
          <reporter-output>
          </reporter-output>
        </test-method> <!-- enterCrediential -->
        <test-method signature="enterCrediential(java.lang.String,java.lang.String)[pri:0, instance:SeleniumWebDriver.TestNG6@3059cbc]" started-at="2022-08-20T11:10:37 IST" name="enterCrediential" data-provider="dataSet" finished-at="2022-08-20T11:10:44 IST" duration-ms="7269" status="PASS">
          <params>
            <param index="0">
              <value>
                <![CDATA[Email2]]>
              </value>
            </param>
            <param index="1">
              <value>
                <![CDATA[Pass2]]>
              </value>
            </param>
          </params>
          <reporter-output>
          </reporter-output>
        </test-method> <!-- enterCrediential -->
      </class> <!-- SeleniumWebDriver.TestNG6 -->
    </test> <!-- Default test -->
  </suite> <!-- Default suite -->
</testng-results>
