<?xml version="1.0" encoding="UTF-8"?>
<testng-results ignored="0" total="1" passed="1" failed="0" skipped="0">
  <reporter-output>
  </reporter-output>
  <suite started-at="2022-08-26T09:42:20 IST" name="Default suite" finished-at="2022-08-26T09:42:35 IST" duration-ms="14936">
    <groups>
    </groups>
    <test started-at="2022-08-26T09:42:20 IST" name="Default test" finished-at="2022-08-26T09:42:35 IST" duration-ms="14936">
      <class name="Academy.HomePage">
        <test-method signature="basePageNavigation()[pri:0, instance:Academy.HomePage@619713e5]" started-at="2022-08-26T09:42:21 IST" name="basePageNavigation" finished-at="2022-08-26T09:42:35 IST" duration-ms="14851" status="PASS">
          <reporter-output>
          </reporter-output>
        </test-method> <!-- basePageNavigation -->
      </class> <!-- Academy.HomePage -->
    </test> <!-- Default test -->
  </suite> <!-- Default suite -->
</testng-results>
