<?xml version="1.0" encoding="UTF-8"?>
<!-- Generated by org.testng.reporters.JUnitXMLReporter -->
<testsuite ignored="1" hostname="DESKTOP-A1A23U3" failures="0" tests="18" name="Test" time="0.459" errors="0" timestamp="2022-08-18T16:55:41 IST">
  <testcase classname="SeleniumWebDriver.TestNG" name="M" time="0.015"/>
  <testcase classname="SeleniumWebDriver.TestNG3" name="a" time="0.031"/>
  <testcase classname="SeleniumWebDriver.TestNG3" name="c" time="0.008"/>
  <testcase classname="SeleniumWebDriver.TestNG5" name="a" time="0.052"/>
  <testcase classname="SeleniumWebDriver.TestNG1" name="a" time="0.095"/>
  <testcase classname="SeleniumWebDriver.TestNG4" name="asserationCheck" time="0.015"/>
  <testcase classname="SeleniumWebDriver.TestNG3" name="d" time="0.009">
    <skipped/>
  </testcase> <!-- d -->
  <testcase classname="SeleniumWebDriver.TestNG1" name="m" time="0.059"/>
  <testcase classname="SeleniumWebDriver.TestNG1" name="z" time="0.012"/>
  <testcase classname="SeleniumWebDriver.TestNG2" name="a" time="0.206"/>
  <testcase classname="SeleniumWebDriver.TestNG2" name="b" time="0.006"/>
  <testcase classname="SeleniumWebDriver.TestNG2" name="c" time="0.005"/>
  <testcase classname="SeleniumWebDriver.TestNG2" name="d" time="0.004"/>
  <testcase classname="SeleniumWebDriver.TestNG" name="T" time="0.073"/>
  <testcase classname="SeleniumWebDriver.TestNG2" name="e" time="0.007"/>
  <testcase classname="SeleniumWebDriver.TestNG2" name="f" time="0.015"/>
  <testcase classname="SeleniumWebDriver.TestNG2" name="g" time="0.003"/>
  <testcase classname="SeleniumWebDriver.TestNG2" name="h" time="0.002"/>
  <testcase classname="SeleniumWebDriver.TestNG3" name="b" time="0.0">
    <ignored/>
  </testcase> <!-- b -->
</testsuite> <!-- Test -->
