<?xml version="1.0" encoding="UTF-8"?>
<testng-results ignored="0" total="1" passed="1" failed="0" skipped="0">
  <reporter-output>
  </reporter-output>
  <suite started-at="2022-03-15T14:15:18 IST" name="Default suite" finished-at="2022-03-15T14:15:24 IST" duration-ms="6283">
    <groups>
    </groups>
    <test started-at="2022-03-15T14:15:18 IST" name="Default test" finished-at="2022-03-15T14:15:24 IST" duration-ms="6283">
      <class name="asserta.TestNg">
        <test-method is-config="true" signature="launchBrowser()[pri:0, instance:asserta.TestNg@38e79ae3]" started-at="2022-03-15T14:15:18 IST" name="launchBrowser" finished-at="2022-03-15T14:15:24 IST" duration-ms="5829" status="PASS">
          <reporter-output>
          </reporter-output>
        </test-method> <!-- launchBrowser -->
        <test-method signature="verifyHomepageTitle()[pri:0, instance:asserta.TestNg@38e79ae3]" started-at="2022-03-15T14:15:24 IST" name="verifyHomepageTitle" finished-at="2022-03-15T14:15:24 IST" duration-ms="44" status="PASS">
          <reporter-output>
          </reporter-output>
        </test-method> <!-- verifyHomepageTitle -->
        <test-method is-config="true" signature="terminateBrowser()[pri:0, instance:asserta.TestNg@38e79ae3]" started-at="2022-03-15T14:15:24 IST" name="terminateBrowser" finished-at="2022-03-15T14:15:24 IST" duration-ms="342" status="PASS">
          <reporter-output>
          </reporter-output>
        </test-method> <!-- terminateBrowser -->
      </class> <!-- asserta.TestNg -->
    </test> <!-- Default test -->
  </suite> <!-- Default suite -->
</testng-results>
